TN:
SF:constants.js
FNF:0
FNH:0
DA:5,1
DA:8,1
DA:9,1
DA:12,1
DA:13,1
DA:16,1
DA:17,1
DA:20,1
DA:21,1
DA:24,1
DA:27,1
LF:11
LH:11
BRF:0
BRH:0
end_of_record
TN:
SF:types/client.js
FN:10,(anonymous_0)
FN:25,(anonymous_1)
FN:29,(anonymous_2)
FN:33,(anonymous_3)
FN:37,(anonymous_4)
FN:41,(anonymous_5)
FN:45,(anonymous_6)
FNF:7
FNH:2
FNDA:1,(anonymous_0)
FNDA:1,(anonymous_1)
FNDA:0,(anonymous_2)
FNDA:0,(anonymous_3)
FNDA:0,(anonymous_4)
FNDA:0,(anonymous_5)
FNDA:0,(anonymous_6)
DA:3,1
DA:6,1
DA:7,1
DA:11,1
DA:18,1
DA:26,1
DA:30,0
DA:34,0
DA:38,0
DA:42,0
DA:46,0
DA:47,0
DA:48,0
DA:49,0
DA:54,0
DA:58,1
LF:16
LH:7
BRDA:10,0,0,0
BRF:1
BRH:0
end_of_record
TN:
SF:types/remote.js
FN:38,(anonymous_0)
FN:71,(anonymous_1)
FN:75,(anonymous_2)
FN:117,(anonymous_3)
FN:121,(anonymous_4)
FN:125,(anonymous_5)
FN:129,(anonymous_6)
FN:138,(anonymous_7)
FN:146,(anonymous_8)
FN:151,(anonymous_9)
FN:164,(anonymous_10)
FN:172,(anonymous_11)
FN:179,(anonymous_12)
FN:204,(anonymous_13)
FN:233,(anonymous_14)
FN:326,(anonymous_15)
FN:333,(anonymous_16)
FN:341,(anonymous_17)
FN:353,(anonymous_18)
FN:363,(anonymous_19)
FN:373,(anonymous_20)
FN:403,(anonymous_21)
FN:413,(anonymous_22)
FN:423,(anonymous_23)
FN:427,(anonymous_24)
FNF:25
FNH:5
FNDA:1,(anonymous_0)
FNDA:1,(anonymous_1)
FNDA:1,(anonymous_2)
FNDA:0,(anonymous_3)
FNDA:0,(anonymous_4)
FNDA:0,(anonymous_5)
FNDA:0,(anonymous_6)
FNDA:0,(anonymous_7)
FNDA:0,(anonymous_8)
FNDA:0,(anonymous_9)
FNDA:0,(anonymous_10)
FNDA:0,(anonymous_11)
FNDA:0,(anonymous_12)
FNDA:0,(anonymous_13)
FNDA:1,(anonymous_14)
FNDA:0,(anonymous_15)
FNDA:0,(anonymous_16)
FNDA:0,(anonymous_17)
FNDA:0,(anonymous_18)
FNDA:1,(anonymous_19)
FNDA:0,(anonymous_20)
FNDA:0,(anonymous_21)
FNDA:0,(anonymous_22)
FNDA:0,(anonymous_23)
FNDA:0,(anonymous_24)
DA:5,1
DA:8,1
DA:9,1
DA:10,1
DA:13,1
DA:14,1
DA:15,1
DA:18,1
DA:19,1
DA:20,1
DA:39,1
DA:41,1
DA:50,1
DA:51,1
DA:52,1
DA:54,1
DA:56,1
DA:57,1
DA:58,1
DA:68,1
DA:72,1
DA:77,1
DA:78,1
DA:86,1
DA:89,0
DA:90,0
DA:91,0
DA:92,0
DA:94,1
DA:95,1
DA:96,1
DA:97,1
DA:99,0
DA:100,0
DA:101,0
DA:102,0
DA:104,0
DA:105,0
DA:107,0
DA:108,0
DA:112,1
DA:114,1
DA:118,0
DA:122,0
DA:126,0
DA:130,0
DA:131,0
DA:132,0
DA:133,0
DA:135,0
DA:139,0
DA:140,0
DA:141,0
DA:142,0
DA:143,0
DA:147,0
DA:148,0
DA:152,0
DA:153,0
DA:154,0
DA:155,0
DA:156,0
DA:157,0
DA:158,0
DA:159,0
DA:160,0
DA:161,0
DA:165,0
DA:166,0
DA:167,0
DA:168,0
DA:169,0
DA:173,0
DA:174,0
DA:175,0
DA:176,0
DA:180,0
DA:182,0
DA:183,0
DA:184,0
DA:186,0
DA:189,0
DA:190,0
DA:191,0
DA:192,0
DA:193,0
DA:194,0
DA:197,0
DA:205,0
DA:206,0
DA:208,0
DA:209,0
DA:210,0
DA:223,0
DA:234,1
DA:236,1
DA:237,1
DA:238,1
DA:239,1
DA:244,1
DA:250,1
DA:251,0
DA:257,1
DA:259,0
DA:260,0
DA:262,1
DA:263,1
DA:265,0
DA:268,1
DA:271,1
DA:275,1
DA:276,1
DA:278,0
DA:281,1
DA:282,0
DA:288,1
DA:290,0
DA:294,0
DA:296,1
DA:297,1
DA:298,1
DA:300,0
DA:301,0
DA:303,0
DA:305,0
DA:307,1
DA:308,1
DA:309,1
DA:312,0
DA:314,0
DA:315,0
DA:317,0
DA:320,1
DA:323,1
DA:327,0
DA:334,0
DA:335,0
DA:336,0
DA:337,0
DA:338,0
DA:342,0
DA:354,0
DA:364,1
DA:374,0
DA:375,0
DA:377,0
DA:379,0
DA:383,0
DA:385,0
DA:389,0
DA:392,0
DA:394,0
DA:404,0
DA:414,0
DA:424,0
DA:428,0
DA:432,1
LF:157
LH:56
BRDA:38,0,0,0
BRDA:50,1,0,1
BRDA:50,1,1,0
BRDA:54,2,0,0
BRDA:54,2,1,1
BRDA:86,3,0,0
BRDA:86,3,1,1
BRDA:86,3,2,0
BRDA:86,3,3,0
BRDA:112,4,0,1
BRDA:112,4,1,0
BRDA:122,5,0,0
BRDA:122,5,1,0
BRDA:167,6,0,0
BRDA:167,6,1,0
BRDA:172,7,0,0
BRDA:189,8,0,0
BRDA:189,8,1,0
BRDA:233,9,0,1
BRDA:250,10,0,0
BRDA:250,10,1,1
BRDA:250,11,0,1
BRDA:250,11,1,1
BRDA:252,12,0,0
BRDA:252,12,1,0
BRDA:253,13,0,0
BRDA:253,13,1,0
BRDA:257,14,0,0
BRDA:257,14,1,1
BRDA:269,15,0,1
BRDA:269,15,1,1
BRDA:281,16,0,0
BRDA:281,16,1,1
BRDA:288,17,0,0
BRDA:288,17,1,1
BRDA:296,18,0,1
BRDA:296,18,1,0
BRDA:298,19,0,0
BRDA:298,19,1,1
BRDA:307,20,0,0
BRDA:307,20,1,1
BRDA:312,21,0,0
BRDA:312,21,1,0
BRDA:373,22,0,0
BRDA:377,23,0,0
BRDA:377,23,1,0
BRF:46
BRH:16
end_of_record
TN:
SF:types/router.js
FN:19,(anonymous_0)
FN:37,(anonymous_1)
FN:52,(anonymous_2)
FN:63,(anonymous_3)
FN:72,(anonymous_4)
FN:92,(anonymous_5)
FN:96,(anonymous_6)
FN:101,(anonymous_7)
FN:105,(anonymous_8)
FN:123,(anonymous_9)
FNF:10
FNH:3
FNDA:1,(anonymous_0)
FNDA:0,(anonymous_1)
FNDA:0,(anonymous_2)
FNDA:0,(anonymous_3)
FNDA:0,(anonymous_4)
FNDA:0,(anonymous_5)
FNDA:0,(anonymous_6)
FNDA:0,(anonymous_7)
FNDA:1,(anonymous_8)
FNDA:1,(anonymous_9)
DA:3,1
DA:4,1
DA:6,1
DA:7,1
DA:20,1
DA:22,1
DA:27,1
DA:28,1
DA:29,1
DA:30,1
DA:31,1
DA:32,1
DA:34,1
DA:38,0
DA:40,0
DA:41,0
DA:42,0
DA:44,0
DA:45,0
DA:49,0
DA:53,0
DA:54,0
DA:55,0
DA:56,0
DA:57,0
DA:64,0
DA:69,0
DA:73,0
DA:74,0
DA:75,0
DA:76,0
DA:77,0
DA:83,0
DA:93,0
DA:97,0
DA:98,0
DA:102,0
DA:106,1
DA:107,1
DA:109,1
DA:110,0
DA:118,1
DA:119,1
DA:120,1
DA:124,1
DA:125,1
DA:126,1
DA:127,1
DA:131,1
LF:49
LH:24
BRDA:19,0,0,1
BRDA:40,1,0,0
BRDA:40,1,1,0
BRDA:41,2,0,0
BRDA:41,2,1,0
BRDA:44,3,0,0
BRDA:44,3,1,0
BRDA:76,4,0,0
BRDA:76,4,1,0
BRDA:106,5,0,0
BRDA:106,5,1,1
BRDA:119,6,0,0
BRDA:119,6,1,1
BRDA:124,7,0,0
BRDA:124,7,1,1
BRF:15
BRH:4
end_of_record
TN:
SF:types/server.js
FN:62,(anonymous_0)
FN:124,(anonymous_1)
FN:128,(anonymous_2)
FN:132,(anonymous_3)
FN:136,(anonymous_4)
FN:175,(anonymous_5)
FN:196,(anonymous_6)
FN:200,(anonymous_7)
FN:204,(anonymous_8)
FN:230,(anonymous_9)
FN:260,(anonymous_10)
FN:271,(anonymous_11)
FN:274,(anonymous_12)
FN:279,(anonymous_13)
FN:283,(anonymous_14)
FN:287,(anonymous_15)
FN:300,(anonymous_16)
FN:313,(anonymous_17)
FN:315,(anonymous_18)
FN:333,(anonymous_19)
FN:339,handler
FN:446,(anonymous_21)
FN:481,(anonymous_22)
FN:488,(anonymous_23)
FN:489,(anonymous_24)
FN:509,(anonymous_25)
FN:523,(anonymous_26)
FN:531,(anonymous_27)
FN:545,(anonymous_28)
FN:552,(anonymous_29)
FN:555,(anonymous_30)
FN:567,(anonymous_31)
FN:572,(anonymous_32)
FN:576,(anonymous_33)
FN:587,(anonymous_34)
FN:675,(anonymous_35)
FN:679,(anonymous_36)
FN:691,(anonymous_37)
FN:777,(anonymous_38)
FN:781,(anonymous_39)
FN:801,notifyReady
FN:819,(anonymous_41)
FN:832,(anonymous_42)
FN:858,(anonymous_43)
FN:867,(anonymous_44)
FN:873,(anonymous_45)
FN:878,(anonymous_46)
FN:884,(anonymous_47)
FNF:48
FNH:7
FNDA:4,(anonymous_0)
FNDA:0,(anonymous_1)
FNDA:6,(anonymous_2)
FNDA:0,(anonymous_3)
FNDA:0,(anonymous_4)
FNDA:0,(anonymous_5)
FNDA:0,(anonymous_6)
FNDA:0,(anonymous_7)
FNDA:0,(anonymous_8)
FNDA:0,(anonymous_9)
FNDA:0,(anonymous_10)
FNDA:0,(anonymous_11)
FNDA:0,(anonymous_12)
FNDA:0,(anonymous_13)
FNDA:0,(anonymous_14)
FNDA:0,(anonymous_15)
FNDA:0,(anonymous_16)
FNDA:0,(anonymous_17)
FNDA:0,(anonymous_18)
FNDA:0,(anonymous_19)
FNDA:0,handler
FNDA:0,(anonymous_21)
FNDA:0,(anonymous_22)
FNDA:0,(anonymous_23)
FNDA:0,(anonymous_24)
FNDA:0,(anonymous_25)
FNDA:0,(anonymous_26)
FNDA:1,(anonymous_27)
FNDA:1,(anonymous_28)
FNDA:0,(anonymous_29)
FNDA:0,(anonymous_30)
FNDA:0,(anonymous_31)
FNDA:0,(anonymous_32)
FNDA:0,(anonymous_33)
FNDA:0,(anonymous_34)
FNDA:0,(anonymous_35)
FNDA:0,(anonymous_36)
FNDA:2,(anonymous_37)
FNDA:0,(anonymous_38)
FNDA:0,(anonymous_39)
FNDA:2,notifyReady
FNDA:0,(anonymous_41)
FNDA:2,(anonymous_42)
FNDA:0,(anonymous_43)
FNDA:0,(anonymous_44)
FNDA:0,(anonymous_45)
FNDA:0,(anonymous_46)
FNDA:0,(anonymous_47)
DA:9,1
DA:12,1
DA:13,1
DA:14,1
DA:17,1
DA:18,1
DA:20,1
DA:21,1
DA:22,1
DA:23,1
DA:24,1
DA:27,1
DA:30,1
DA:32,1
DA:34,1
DA:35,1
DA:36,1
DA:37,1
DA:47,1
DA:48,1
DA:63,4
DA:66,4
DA:86,4
DA:87,4
DA:88,4
DA:89,4
DA:101,4
DA:102,4
DA:104,4
DA:105,4
DA:111,4
DA:112,4
DA:113,4
DA:117,4
DA:118,4
DA:119,4
DA:121,4
DA:125,0
DA:129,6
DA:133,0
DA:137,0
DA:139,0
DA:143,0
DA:145,0
DA:146,0
DA:149,0
DA:150,0
DA:158,0
DA:159,0
DA:160,0
DA:163,0
DA:166,0
DA:176,0
DA:177,0
DA:178,0
DA:180,0
DA:185,0
DA:186,0
DA:188,0
DA:189,0
DA:191,0
DA:192,0
DA:193,0
DA:194,0
DA:196,0
DA:197,0
DA:200,0
DA:201,0
DA:204,0
DA:205,0
DA:206,0
DA:208,0
DA:213,0
DA:214,0
DA:215,0
DA:217,0
DA:218,0
DA:220,0
DA:221,0
DA:224,0
DA:230,0
DA:231,0
DA:237,0
DA:243,0
DA:250,0
DA:253,0
DA:254,0
DA:257,0
DA:261,0
DA:262,0
DA:263,0
DA:264,0
DA:266,0
DA:272,0
DA:274,0
DA:275,0
DA:280,0
DA:284,0
DA:288,0
DA:289,0
DA:290,0
DA:291,0
DA:301,0
DA:302,0
DA:306,0
DA:307,0
DA:308,0
DA:313,0
DA:314,0
DA:315,0
DA:316,0
DA:317,0
DA:319,0
DA:321,0
DA:322,0
DA:324,0
DA:329,0
DA:330,0
DA:333,0
DA:334,0
DA:335,0
DA:339,0
DA:340,0
DA:342,0
DA:343,0
DA:345,0
DA:346,0
DA:352,0
DA:353,0
DA:354,0
DA:356,0
DA:359,0
DA:361,0
DA:362,0
DA:363,0
DA:366,0
DA:367,0
DA:369,0
DA:371,0
DA:375,0
DA:376,0
DA:378,0
DA:380,0
DA:382,0
DA:383,0
DA:385,0
DA:386,0
DA:387,0
DA:389,0
DA:390,0
DA:391,0
DA:393,0
DA:394,0
DA:395,0
DA:397,0
DA:398,0
DA:399,0
DA:400,0
DA:402,0
DA:407,0
DA:409,0
DA:410,0
DA:413,0
DA:414,0
DA:420,0
DA:422,0
DA:423,0
DA:424,0
DA:426,0
DA:430,0
DA:437,0
DA:446,0
DA:447,0
DA:451,0
DA:454,0
DA:455,0
DA:456,0
DA:464,0
DA:465,0
DA:471,0
DA:478,0
DA:482,0
DA:483,0
DA:484,0
DA:485,0
DA:489,0
DA:490,0
DA:493,0
DA:495,0
DA:496,0
DA:497,0
DA:499,0
DA:510,0
DA:511,0
DA:513,0
DA:514,0
DA:516,0
DA:518,0
DA:519,0
DA:520,0
DA:524,0
DA:534,1
DA:542,1
DA:546,1
DA:547,1
DA:548,1
DA:549,1
DA:553,0
DA:554,0
DA:555,0
DA:557,0
DA:568,0
DA:569,0
DA:573,0
DA:577,0
DA:578,0
DA:579,0
DA:581,0
DA:584,0
DA:588,0
DA:589,0
DA:592,0
DA:593,0
DA:594,0
DA:596,0
DA:597,0
DA:598,0
DA:599,0
DA:600,0
DA:601,0
DA:605,0
DA:608,0
DA:610,0
DA:611,0
DA:612,0
DA:614,0
DA:615,0
DA:616,0
DA:618,0
DA:627,0
DA:629,0
DA:631,0
DA:632,0
DA:634,0
DA:635,0
DA:638,0
DA:644,0
DA:647,0
DA:649,0
DA:650,0
DA:651,0
DA:653,0
DA:654,0
DA:656,0
DA:663,0
DA:664,0
DA:674,0
DA:676,0
DA:677,0
DA:685,0
DA:686,0
DA:692,2
DA:693,2
DA:694,2
DA:696,2
DA:697,0
DA:700,2
DA:701,2
DA:702,2
DA:703,2
DA:707,2
DA:708,2
DA:712,2
DA:713,2
DA:714,2
DA:718,2
DA:721,2
DA:722,2
DA:725,2
DA:728,2
DA:732,2
DA:733,0
DA:734,0
DA:740,0
DA:741,0
DA:746,2
DA:747,2
DA:748,2
DA:749,2
DA:750,2
DA:751,2
DA:754,2
DA:757,2
DA:764,2
DA:767,2
DA:768,0
DA:769,0
DA:770,0
DA:774,2
DA:777,2
DA:778,0
DA:781,2
DA:782,0
DA:785,2
DA:786,0
DA:787,0
DA:789,0
DA:793,2
DA:794,2
DA:795,2
DA:797,0
DA:798,0
DA:802,2
DA:803,2
DA:814,2
DA:816,2
DA:822,0
DA:824,0
DA:825,0
DA:827,0
DA:833,2
DA:834,2
DA:835,2
DA:837,2
DA:838,2
DA:840,0
DA:843,2
DA:844,0
DA:845,0
DA:847,0
DA:851,2
DA:852,2
DA:854,2
DA:855,2
DA:859,0
DA:860,0
DA:861,0
DA:862,0
DA:863,0
DA:864,0
DA:868,0
DA:869,0
DA:870,0
DA:874,0
DA:875,0
DA:879,0
DA:880,0
DA:881,0
DA:885,0
DA:886,0
DA:890,1
LF:351
LH:95
BRDA:62,0,0,0
BRDA:145,1,0,0
BRDA:145,1,1,0
BRDA:149,2,0,0
BRDA:149,2,1,0
BRDA:149,3,0,0
BRDA:149,3,1,0
BRDA:176,4,0,0
BRDA:176,4,1,0
BRDA:188,5,0,0
BRDA:188,5,1,0
BRDA:189,6,0,0
BRDA:189,6,1,0
BRDA:206,7,0,0
BRDA:206,7,1,0
BRDA:206,7,2,0
BRDA:288,8,0,0
BRDA:288,8,1,0
BRDA:289,9,0,0
BRDA:289,9,1,0
BRDA:290,10,0,0
BRDA:290,10,1,0
BRDA:345,11,0,0
BRDA:345,11,1,0
BRDA:345,12,0,0
BRDA:345,12,1,0
BRDA:359,13,0,0
BRDA:359,13,1,0
BRDA:362,14,0,0
BRDA:362,14,1,0
BRDA:367,15,0,0
BRDA:367,15,1,0
BRDA:380,16,0,0
BRDA:380,16,1,0
BRDA:380,16,2,0
BRDA:380,16,3,0
BRDA:380,16,4,0
BRDA:380,16,5,0
BRDA:380,16,6,0
BRDA:380,16,7,0
BRDA:413,17,0,0
BRDA:413,17,1,0
BRDA:414,18,0,0
BRDA:414,18,1,0
BRDA:464,19,0,0
BRDA:464,19,1,0
BRDA:484,20,0,0
BRDA:484,20,1,0
BRDA:513,21,0,0
BRDA:513,21,1,0
BRDA:554,22,0,0
BRDA:554,22,1,0
BRDA:588,23,0,0
BRDA:588,23,1,0
BRDA:598,24,0,0
BRDA:598,24,1,0
BRDA:605,25,0,0
BRDA:605,25,1,0
BRDA:605,25,2,0
BRDA:605,25,3,0
BRDA:605,25,4,0
BRDA:605,25,5,0
BRDA:605,25,6,0
BRDA:605,25,7,0
BRDA:611,26,0,0
BRDA:611,26,1,0
BRDA:614,27,0,0
BRDA:614,27,1,0
BRDA:634,28,0,0
BRDA:634,28,1,0
BRDA:638,29,0,0
BRDA:638,29,1,0
BRDA:663,30,0,0
BRDA:663,30,1,0
BRDA:692,31,0,0
BRDA:692,31,1,2
BRDA:696,32,0,0
BRDA:696,32,1,2
BRDA:696,33,0,2
BRDA:696,33,1,2
BRDA:703,34,0,0
BRDA:703,34,1,2
BRDA:718,35,0,0
BRDA:718,35,1,2
BRDA:734,36,0,0
BRDA:734,36,1,0
BRDA:734,36,2,0
BRDA:734,36,3,0
BRDA:734,36,4,0
BRDA:767,37,0,0
BRDA:767,37,1,2
BRDA:785,38,0,0
BRDA:785,38,1,2
BRDA:793,39,0,2
BRDA:793,39,1,0
BRDA:814,40,0,0
BRDA:814,40,1,2
BRDA:833,41,0,0
BRDA:833,41,1,2
BRDA:843,42,0,0
BRDA:843,42,1,2
BRDA:854,43,0,0
BRDA:854,43,1,2
BRDA:859,44,0,0
BRDA:859,44,1,0
BRDA:859,45,0,0
BRDA:859,45,1,0
BRDA:860,46,0,0
BRDA:860,46,1,0
BRDA:862,47,0,0
BRDA:862,47,1,0
BRDA:863,48,0,0
BRDA:863,48,1,0
BRDA:863,49,0,0
BRDA:863,49,1,0
BRDA:868,50,0,0
BRDA:868,50,1,0
BRDA:868,51,0,0
BRDA:868,51,1,0
BRDA:869,52,0,0
BRDA:869,52,1,0
BRDA:874,53,0,0
BRDA:874,53,1,0
BRDA:879,54,0,0
BRDA:879,54,1,0
BRDA:879,55,0,0
BRDA:879,55,1,0
BRDA:880,56,0,0
BRDA:880,56,1,0
BRDA:885,57,0,0
BRDA:885,57,1,0
BRF:131
BRH:13
end_of_record
